# JRE version: OpenJDK Runtime Environment (8.0_152-b11) (build 1.8.0_152-release-915-b11)
# Java VM: OpenJDK 64-Bit Server VM (25.152-b11 mixed mode windows-amd64 compressed oops)
Heap:
 par new generation   total 39296K, used 22217K [0x00000000d1200000, 0x00000000d3ca0000, 0x00000000e0c00000)
  eden space 34944K,  51% used [0x00000000d1200000, 0x00000000d23abc90, 0x00000000d3420000)
  from space 4352K,  94% used [0x00000000d3420000, 0x00000000d3826af8, 0x00000000d3860000)
  to   space 4352K,   0% used [0x00000000d3860000, 0x00000000d3860000, 0x00000000d3ca0000)
 concurrent mark-sweep generation total 87424K, used 19585K [0x00000000e0c00000, 0x00000000e6160000, 0x0000000100000000)
 Metaspace       used 31263K, capacity 31800K, committed 32068K, reserved 1077248K
  class space    used 3695K, capacity 3851K, committed 3908K, reserved 1048576K
GC Heap History (10 events):
Event: 0.746 GC heap before
{Heap before GC invocations=1 (full 0):
 par new generation   total 39296K, used 37046K [0x00000000d1200000, 0x00000000d3ca0000, 0x00000000e0c00000)
  eden space 34944K, 100% used [0x00000000d1200000, 0x00000000d3420000, 0x00000000d3420000)
  from space 4352K,  48% used [0x00000000d3860000, 0x00000000d3a6d948, 0x00000000d3ca0000)
  to   space 4352K,   0% used [0x00000000d3420000, 0x00000000d3420000, 0x00000000d3860000)
 concurrent mark-sweep generation total 87424K, used 0K [0x00000000e0c00000, 0x00000000e6160000, 0x0000000100000000)
 Metaspace       used 6303K, capacity 6468K, committed 6656K, reserved 1056768K
  class space    used 676K, capacity 729K, committed 768K, reserved 1048576K
Event: 0.769 GC heap after
Heap after GC invocations=2 (full 0):
 par new generation   total 39296K, used 4352K [0x00000000d1200000, 0x00000000d3ca0000, 0x00000000e0c00000)
  eden space 34944K,   0% used [0x00000000d1200000, 0x00000000d1200000, 0x00000000d3420000)
  from space 4352K, 100% used [0x00000000d3420000, 0x00000000d3860000, 0x00000000d3860000)
  to   space 4352K,   0% used [0x00000000d3860000, 0x00000000d3860000, 0x00000000d3ca0000)
 concurrent mark-sweep generation total 87424K, used 3327K [0x00000000e0c00000, 0x00000000e6160000, 0x0000000100000000)
 Metaspace       used 6303K, capacity 6468K, committed 6656K, reserved 1056768K
  class space    used 676K, capacity 729K, committed 768K, reserved 1048576K
}
Event: 1.481 GC heap before
{Heap before GC invocations=2 (full 0):
 par new generation   total 39296K, used 39296K [0x00000000d1200000, 0x00000000d3ca0000, 0x00000000e0c00000)
  eden space 34944K, 100% used [0x00000000d1200000, 0x00000000d3420000, 0x00000000d3420000)
  from space 4352K, 100% used [0x00000000d3420000, 0x00000000d3860000, 0x00000000d3860000)
  to   space 4352K,   0% used [0x00000000d3860000, 0x00000000d3860000, 0x00000000d3ca0000)
 concurrent mark-sweep generation total 87424K, used 3327K [0x00000000e0c00000, 0x00000000e6160000, 0x0000000100000000)
 Metaspace       used 13511K, capacity 13726K, committed 13952K, reserved 1060864K
  class space    used 1519K, capacity 1593K, committed 1664K, reserved 1048576K
Event: 1.489 GC heap after
Heap after GC invocations=3 (full 0):
 par new generation   total 39296K, used 4284K [0x00000000d1200000, 0x00000000d3ca0000, 0x00000000e0c00000)
  eden space 34944K,   0% used [0x00000000d1200000, 0x00000000d1200000, 0x00000000d3420000)
  from space 4352K,  98% used [0x00000000d3860000, 0x00000000d3c8f1c8, 0x00000000d3ca0000)
  to   space 4352K,   0% used [0x00000000d3420000, 0x00000000d3420000, 0x00000000d3860000)
 concurrent mark-sweep generation total 87424K, used 4368K [0x00000000e0c00000, 0x00000000e6160000, 0x0000000100000000)
 Metaspace       used 13511K, capacity 13726K, committed 13952K, reserved 1060864K
  class space    used 1519K, capacity 1593K, committed 1664K, reserved 1048576K
}
Event: 2.803 GC heap before
{Heap before GC invocations=3 (full 0):
 par new generation   total 39296K, used 39228K [0x00000000d1200000, 0x00000000d3ca0000, 0x00000000e0c00000)
  eden space 34944K, 100% used [0x00000000d1200000, 0x00000000d3420000, 0x00000000d3420000)
  from space 4352K,  98% used [0x00000000d3860000, 0x00000000d3c8f1c8, 0x00000000d3ca0000)
  to   space 4352K,   0% used [0x00000000d3420000, 0x00000000d3420000, 0x00000000d3860000)
 concurrent mark-sweep generation total 87424K, used 4368K [0x00000000e0c00000, 0x00000000e6160000, 0x0000000100000000)
 Metaspace       used 23605K, capacity 23934K, committed 24284K, reserved 1071104K
  class space    used 2735K, capacity 2863K, committed 2884K, reserved 1048576K
Event: 2.818 GC heap after
Heap after GC invocations=4 (full 0):
 par new generation   total 39296K, used 4352K [0x00000000d1200000, 0x00000000d3ca0000, 0x00000000e0c00000)
  eden space 34944K,   0% used [0x00000000d1200000, 0x00000000d1200000, 0x00000000d3420000)
  from space 4352K, 100% used [0x00000000d3420000, 0x00000000d3860000, 0x00000000d3860000)
  to   space 4352K,   0% used [0x00000000d3860000, 0x00000000d3860000, 0x00000000d3ca0000)
 concurrent mark-sweep generation total 87424K, used 9526K [0x00000000e0c00000, 0x00000000e6160000, 0x0000000100000000)
 Metaspace       used 23605K, capacity 23934K, committed 24284K, reserved 1071104K
  class space    used 2735K, capacity 2863K, committed 2884K, reserved 1048576K
}
Event: 3.951 GC heap before
{Heap before GC invocations=4 (full 1):
 par new generation   total 39296K, used 39296K [0x00000000d1200000, 0x00000000d3ca0000, 0x00000000e0c00000)
  eden space 34944K, 100% used [0x00000000d1200000, 0x00000000d3420000, 0x00000000d3420000)
  from space 4352K, 100% used [0x00000000d3420000, 0x00000000d3860000, 0x00000000d3860000)
  to   space 4352K,   0% used [0x00000000d3860000, 0x00000000d3860000, 0x00000000d3ca0000)
 concurrent mark-sweep generation total 87424K, used 5612K [0x00000000e0c00000, 0x00000000e6160000, 0x0000000100000000)
 Metaspace       used 26778K, capacity 27152K, committed 27588K, reserved 1073152K
  class space    used 3112K, capacity 3255K, committed 3268K, reserved 1048576K
Event: 3.973 GC heap after
Heap after GC invocations=5 (full 1):
 par new generation   total 39296K, used 4352K [0x00000000d1200000, 0x00000000d3ca0000, 0x00000000e0c00000)
  eden space 34944K,   0% used [0x00000000d1200000, 0x00000000d1200000, 0x00000000d3420000)
  from space 4352K, 100% used [0x00000000d3860000, 0x00000000d3ca0000, 0x00000000d3ca0000)
  to   space 4352K,   0% used [0x00000000d3420000, 0x00000000d3420000, 0x00000000d3860000)
 concurrent mark-sweep generation total 87424K, used 11726K [0x00000000e0c00000, 0x00000000e6160000, 0x0000000100000000)
 Metaspace       used 26778K, capacity 27152K, committed 27588K, reserved 1073152K
  class space    used 3112K, capacity 3255K, committed 3268K, reserved 1048576K
}
Event: 4.609 GC heap before
{Heap before GC invocations=5 (full 1):
 par new generation   total 39296K, used 39296K [0x00000000d1200000, 0x00000000d3ca0000, 0x00000000e0c00000)
  eden space 34944K, 100% used [0x00000000d1200000, 0x00000000d3420000, 0x00000000d3420000)
  from space 4352K, 100% used [0x00000000d3860000, 0x00000000d3ca0000, 0x00000000d3ca0000)
  to   space 4352K,   0% used [0x00000000d3420000, 0x00000000d3420000, 0x00000000d3860000)
 concurrent mark-sweep generation total 87424K, used 11726K [0x00000000e0c00000, 0x00000000e6160000, 0x0000000100000000)
 Metaspace       used 30926K, capacity 31440K, committed 31812K, reserved 1077248K
  class space    used 3666K, capacity 3817K, committed 3908K, reserved 1048576K
Event: 4.624 GC heap after
Heap after GC invocations=6 (full 1):
 par new generation   total 39296K, used 4122K [0x00000000d1200000, 0x00000000d3ca0000, 0x00000000e0c00000)
  eden space 34944K,   0% used [0x00000000d1200000, 0x00000000d1200000, 0x00000000d3420000)
  from space 4352K,  94% used [0x00000000d3420000, 0x00000000d3826af8, 0x00000000d3860000)
  to   space 4352K,   0% used [0x00000000d3860000, 0x00000000d3860000, 0x00000000d3ca0000)
 concurrent mark-sweep generation total 87424K, used 19585K [0x00000000e0c00000, 0x00000000e6160000, 0x0000000100000000)
 Metaspace       used 30926K, capacity 31440K, committed 31812K, reserved 1077248K
  class space    used 3666K, capacity 3817K, committed 3908K, reserved 1048576K
}

